<?xml version="1.0" encoding="UTF-8"?>
<testsuites name="Estimate" time="728" tests="0" failures="1" errors="0">
   <testsuite name="Estimate" tests="0" failures="1" errors="0" time="728" timestamp="2018-08-28 11:57:45" hostname="nipin - L38196WIN.rpega.com" id="Test Suites/Estimate">
      <properties>
         <property name="deviceName" value=""/>
         <property name="devicePlatform" value=""/>
         <property name="logFolder" value="C:\\DA-UI-AUTOMATION\\Reports\\Estimate\\20180828_115742"/>
         <property name="logFiles" value="C:\\DA-UI-AUTOMATION\\Reports\\Estimate\\20180828_115742\\execution0.log"/>
         <property name="attachments" value="C:\\DA-UI-AUTOMATION\\Reports\\Estimate\\20180828_115742\\1535438386388.png"/>
         <property name="hostName" value="nipin - L38196WIN.rpega.com"/>
         <property name="os" value="Windows 10 64bit"/>
         <property name="katalonVersion" value="5.5.0.1"/>
         <property name="browser" value="Chrome 68.0.3440.106"/>
         <property name="hostAddress" value="10.150.107.46"/>
         <property name="sessionId" value="6fd0ab8461baeb831ca98870498a2e41"/>
         <property name="seleniumVersion" value="3.7.1"/>
         <property name="proxyInformation" value="ProxyInformation{proxyOption=NO_PROXY, proxyServerType=HTTP, password=, proxyServerAddress=, proxyServerPort=0}"/>
         <property name="platform" value="Windows 10"/>
      </properties>
      <testcase name="Test Cases/BEP/TestCases/TC_CreateBEP_EmailOutput_SendEmail_CreateECR" classname="Test Cases/BEP/TestCases/TC_CreateBEP_EmailOutput_SendEmail_CreateECR" status="FAILED">
         <failure type="FAILED" message="Unable to scroll to object 'Object Repository/Generic/FINISH_BUTTON' (Root cause: com.kms.katalon.core.webui.exception.WebElementNotFoundException: Web element with id: 'Object Repository/Generic/FINISH_BUTTON' located by 'By.xpath: //button[@data-test-id='2017030903153107252958']' not found)"/>
         <system-out><![CDATA[2018-08-28 11:57:46 - [TEST_CASE][FAILED] - Test Cases/BEP/TestCases/TC_CreateBEP_EmailOutput_SendEmail_CreateECR: Test Cases/BEP/TestCases/TC_CreateBEP_EmailOutput_SendEmail_CreateECR FAILED because (of) Unable to scroll to object 'Object Repository/Generic/FINISH_BUTTON' (Root cause: com.kms.katalon.core.webui.exception.WebElementNotFoundException: Web element with id: 'Object Repository/Generic/FINISH_BUTTON' located by 'By.xpath: //button[@data-test-id='2017030903153107252958']' not found)

2018-08-28 11:57:46 - [TEST_STEP][FAILED] - callTestCase: Unable to call Test Case with id 'Test Cases/BEP/Create_Approve_Reject/Create_BEP_EmailOutput' (Root cause: Call Test Case 'Test Cases/BEP/Create_Approve_Reject/Create_BEP_EmailOutput' failed)

2018-08-28 11:57:46 - [TEST_CASE][FAILED] - Test Cases/BEP/Create_Approve_Reject/Create_BEP_EmailOutput: Test Cases/BEP/Create_Approve_Reject/Create_BEP_EmailOutput FAILED because (of) Unable to scroll to object 'Object Repository/Generic/FINISH_BUTTON' (Root cause: com.kms.katalon.core.webui.exception.WebElementNotFoundException: Web element with id: 'Object Repository/Generic/FINISH_BUTTON' located by 'By.xpath: //button[@data-test-id='2017030903153107252958']' not found)

2018-08-28 11:57:47 - [TEST_STEP][PASSED] - com.da.commonutilities.login: com.da.commonutilities.login is PASSED

2018-08-28 11:57:57 - [MESSAGE][PASSED] - Browser is opened with url: ''

2018-08-28 11:58:04 - [MESSAGE][PASSED] - Navigate to 'https://vdaqa.rpega.com:9030/daqa/PRServlet' successfully

2018-08-28 11:58:16 - [MESSAGE][PASSED] - Text 'hendj@pegasystems.com' is set on object 'Object Repository/Generic/input_UserIdentifier'

2018-08-28 11:58:28 - [MESSAGE][PASSED] - Text 'install' is set on object 'Object Repository/Generic/input_Password'

2018-08-28 11:58:38 - [MESSAGE][PASSED] - Keys 'ENTER + ' sent to object: 'Object Repository/Generic/input_Password'

2018-08-28 11:58:38 - [MESSAGE][PASSED] - com.da.commonutilities.login is PASSED

2018-08-28 11:58:38 - [TEST_STEP][FAILED] - com.da.BEP.Estimate: Unable to scroll to object 'Object Repository/Generic/FINISH_BUTTON' (Root cause: com.kms.katalon.core.webui.exception.WebElementNotFoundException: Web element with id: 'Object Repository/Generic/FINISH_BUTTON' located by 'By.xpath: //button[@data-test-id='2017030903153107252958']' not found)

2018-08-28 11:58:43 - [MESSAGE][PASSED] - Current window maximized

2018-08-28 11:58:45 - [MESSAGE][PASSED] - Delayed 2 second(s)

2018-08-28 11:58:51 - [MESSAGE][PASSED] - Object: 'Object Repository/Generic/New' is clicked on

2018-08-28 11:58:55 - [MESSAGE][PASSED] - Delayed 4 second(s)

2018-08-28 11:59:01 - [MESSAGE][PASSED] - Object: 'Object Repository/BEP/Generic/EstimateLink' is clicked on

2018-08-28 11:59:05 - [MESSAGE][PASSED] - Delayed 4 second(s)

2018-08-28 11:59:11 - [MESSAGE][PASSED] - Object: 'Object Repository/ECR/Generic/WOTAB' is clicked on

2018-08-28 11:59:15 - [MESSAGE][PASSED] - Wait for page load successfully

2018-08-28 11:59:26 - [MESSAGE][PASSED] - Delayed 5 second(s)

2018-08-28 12:00:00 - [MESSAGE][WARNING] - Object 'Object Repository/BEP/Generic/import' is not visible after 30 second(s)

2018-08-28 12:00:11 - [MESSAGE][PASSED] - Delayed 5 second(s)

2018-08-28 12:00:18 - [MESSAGE][PASSED] - File 'C:\DA-UI-AUTOMATION\Data Files\BEP\Estimate.xlsm' sent to object: 'Object Repository/Generic/FilePath'

2018-08-28 12:00:23 - [MESSAGE][PASSED] - Delayed 5 second(s)

2018-08-28 12:00:29 - [MESSAGE][PASSED] - Object: 'Object Repository/Generic/button_Submit' is clicked on

2018-08-28 12:00:39 - [MESSAGE][PASSED] - Delayed 10 second(s)

2018-08-28 12:00:51 - [MESSAGE][PASSED] - Text 'BOFA' is set on object 'Object Repository/Generic/ORG'

2018-08-28 12:00:58 - [MESSAGE][PASSED] - Delayed 7 second(s)

2018-08-28 12:01:05 - [MESSAGE][PASSED] - Keys 'TAB + ' sent to object: 'Object Repository/Generic/ORG'

2018-08-28 12:01:12 - [MESSAGE][PASSED] - Delayed 7 second(s)

2018-08-28 12:01:24 - [MESSAGE][PASSED] - Text 'BOFA' is set on object 'Object Repository/Generic/ACC'

2018-08-28 12:01:31 - [MESSAGE][PASSED] - Delayed 7 second(s)

2018-08-28 12:01:37 - [MESSAGE][PASSED] - Keys 'TAB + ' sent to object: 'Object Repository/Generic/ACC'

2018-08-28 12:01:42 - [MESSAGE][PASSED] - Delayed 5 second(s)

2018-08-28 12:01:49 - [MESSAGE][PASSED] - Text 'The engagement you entered doesn't match' is present on page 

2018-08-28 12:02:02 - [MESSAGE][PASSED] - Text 'AUTOTEST1' is set on object 'Object Repository/Generic/ENG_DESC'

2018-08-28 12:02:07 - [MESSAGE][PASSED] - Delayed 5 second(s)

2018-08-28 12:02:18 - [MESSAGE][PASSED] - Delayed 5 second(s)

2018-08-28 12:02:42 - [MESSAGE][PASSED] - All options with value 'PRD-409' are selected in object 'Object Repository/Generic/PlatformID' 

2018-08-28 12:02:47 - [MESSAGE][PASSED] - Delayed 5 second(s)

2018-08-28 12:03:12 - [MESSAGE][PASSED] - All options with value 'RLS-3176' are selected in object 'Object Repository/Generic/PlatformVersion' 

2018-08-28 12:03:17 - [MESSAGE][PASSED] - Delayed 5 second(s)

2018-08-28 12:03:23 - [MESSAGE][PASSED] - Object: 'Object Repository/Generic/PlatformTrue' is clicked on

2018-08-28 12:03:28 - [MESSAGE][PASSED] - Delayed 5 second(s)

2018-08-28 12:03:49 - [MESSAGE][PASSED] - All options with value 'hendj@pegasystems.com' are selected in object 'Object Repository/ECR/EngInfo/PL' 

2018-08-28 12:03:54 - [MESSAGE][PASSED] - Delayed 5 second(s)

2018-08-28 12:04:01 - [MESSAGE][PASSED] - Text 'PL Team Leader' is present on page 

2018-08-28 12:04:22 - [MESSAGE][PASSED] - All options with value 'higgr@pegasystems.com' are selected in object 'Object Repository/ECR/EngInfo/PLTL' 

2018-08-28 12:04:27 - [MESSAGE][PASSED] - Delayed 5 second(s)

2018-08-28 12:04:52 - [MESSAGE][PASSED] - All options with value 'waink@pegasystems.com' are selected in object 'Object Repository/ECR/EngInfo/RD' 

2018-08-28 12:04:57 - [MESSAGE][PASSED] - Delayed 5 second(s)

2018-08-28 12:05:18 - [MESSAGE][PASSED] - All options with value 'panee@pegasystems.com' are selected in object 'Object Repository/ECR/EngInfo/RL' 

2018-08-28 12:05:23 - [MESSAGE][PASSED] - Delayed 5 second(s)

2018-08-28 12:05:29 - [MESSAGE][PASSED] - Scroll to object 'Object Repository/Generic/NEXT_BUTTON' successfully

2018-08-28 12:05:35 - [MESSAGE][PASSED] - Object: 'Object Repository/Generic/NEXT_BUTTON' is clicked on

2018-08-28 12:05:40 - [MESSAGE][PASSED] - Delayed 5 second(s)

2018-08-28 12:05:43 - [MESSAGE][PASSED] - Wait for page load successfully

2018-08-28 12:05:45 - [MESSAGE][PASSED] - Delayed 2 second(s)

2018-08-28 12:05:52 - [MESSAGE][PASSED] - Text of object 'Object Repository/BEP/Generic/DurationLow' is cleared

2018-08-28 12:05:54 - [MESSAGE][PASSED] - Delayed 2 second(s)

2018-08-28 12:06:06 - [MESSAGE][PASSED] - Text '15' is set on object 'Object Repository/BEP/Generic/DurationLow'

2018-08-28 12:06:08 - [MESSAGE][PASSED] - Delayed 2 second(s)

2018-08-28 12:06:14 - [MESSAGE][PASSED] - Text of object 'Object Repository/BEP/Generic/DurationHigh' is cleared

2018-08-28 12:06:16 - [MESSAGE][PASSED] - Delayed 2 second(s)

2018-08-28 12:06:28 - [MESSAGE][PASSED] - Text '15' is set on object 'Object Repository/BEP/Generic/DurationHigh'

2018-08-28 12:06:30 - [MESSAGE][PASSED] - Delayed 2 second(s)

2018-08-28 12:06:36 - [MESSAGE][PASSED] - Text of object 'Object Repository/BEP/Generic/PartnerHoursLow' is cleared

2018-08-28 12:06:38 - [MESSAGE][PASSED] - Delayed 2 second(s)

2018-08-28 12:06:51 - [MESSAGE][PASSED] - Text '15' is set on object 'Object Repository/BEP/Generic/PartnerHoursLow'

2018-08-28 12:06:53 - [MESSAGE][PASSED] - Delayed 2 second(s)

2018-08-28 12:06:59 - [MESSAGE][PASSED] - Text of object 'Object Repository/BEP/Generic/PartnerHoursHigh' is cleared

2018-08-28 12:07:01 - [MESSAGE][PASSED] - Delayed 2 second(s)

2018-08-28 12:07:13 - [MESSAGE][PASSED] - Text '15' is set on object 'Object Repository/BEP/Generic/PartnerHoursHigh'

2018-08-28 12:07:15 - [MESSAGE][PASSED] - Delayed 2 second(s)

2018-08-28 12:07:22 - [MESSAGE][PASSED] - Object: 'Object Repository/BEP/Generic/EstimationMethod' is clicked on

2018-08-28 12:07:27 - [MESSAGE][PASSED] - Delayed 5 second(s)

2018-08-28 12:07:33 - [MESSAGE][PASSED] - Keys 'BSW' sent to object: 'Object Repository/BEP/Generic/EstimationMethod'

2018-08-28 12:07:38 - [MESSAGE][PASSED] - Delayed 5 second(s)

2018-08-28 12:07:44 - [MESSAGE][PASSED] - Scroll to object 'Object Repository/Generic/NEXT_BUTTON' successfully

2018-08-28 12:07:50 - [MESSAGE][PASSED] - Object: 'Object Repository/Generic/NEXT_BUTTON' is clicked on

2018-08-28 12:07:55 - [MESSAGE][PASSED] - Delayed 5 second(s)

2018-08-28 12:08:01 - [MESSAGE][PASSED] - Object: 'Object Repository/BEP/Generic/BEPOutputEmail' is clicked on

2018-08-28 12:08:03 - [MESSAGE][PASSED] - Delayed 2 second(s)

2018-08-28 12:08:10 - [MESSAGE][PASSED] - Object: 'Object Repository/BEP/Generic/RECEIPIENT' is clicked on

2018-08-28 12:08:12 - [MESSAGE][PASSED] - Delayed 2 second(s)

2018-08-28 12:08:18 - [MESSAGE][PASSED] - Object: 'Object Repository/BEP/Generic/AddEmailID' is clicked on

2018-08-28 12:08:20 - [MESSAGE][PASSED] - Delayed 2 second(s)

2018-08-28 12:08:27 - [MESSAGE][PASSED] - Keys 'nagaveni.nipinale@in.pega.com' sent to object: 'Object Repository/BEP/Generic/MAILID_XPATH'

2018-08-28 12:08:29 - [MESSAGE][PASSED] - Delayed 2 second(s)

2018-08-28 12:08:35 - [MESSAGE][PASSED] - Object: 'Object Repository/BEP/Generic/modal_submit' is clicked on

2018-08-28 12:08:37 - [MESSAGE][PASSED] - Delayed 2 second(s)

2018-08-28 12:08:44 - [MESSAGE][PASSED] - Keys 'Test Automation' sent to object: 'Object Repository/BEP/Generic/Email_Subject'

2018-08-28 12:08:57 - [MESSAGE][PASSED] - Text 'Software Testing' is set on object 'Object Repository/BEP/Generic/BEP_CASENOTES'

2018-08-28 12:09:02 - [MESSAGE][PASSED] - Delayed 5 second(s)

2018-08-28 12:09:08 - [MESSAGE][PASSED] - Scroll to object 'Object Repository/Generic/NEXT_BUTTON' successfully

2018-08-28 12:09:14 - [MESSAGE][PASSED] - Object: 'Object Repository/Generic/NEXT_BUTTON' is clicked on

2018-08-28 12:09:50 - [MESSAGE][FAILED] - Unable to scroll to object 'Object Repository/Generic/FINISH_BUTTON' (Root cause: com.kms.katalon.core.webui.exception.WebElementNotFoundException: Web element with id: 'Object Repository/Generic/FINISH_BUTTON' located by 'By.xpath: //button[@data-test-id='2017030903153107252958']' not found)
[[ATTACHMENT|C:\\DA-UI-AUTOMATION\\Reports\\Estimate\\20180828_115742\\1535438386388.png]]

2018-08-28 12:09:50 - [MESSAGE][FAILED] - Unable to scroll to object 'Object Repository/Generic/FINISH_BUTTON' (Root cause: com.kms.katalon.core.webui.exception.WebElementNotFoundException: Web element with id: 'Object Repository/Generic/FINISH_BUTTON' located by 'By.xpath: //button[@data-test-id='2017030903153107252958']' not found)

2018-08-28 12:09:50 - [MESSAGE][FAILED] - Unable to call Test Case with id 'Test Cases/BEP/Create_Approve_Reject/Create_BEP_EmailOutput' (Root cause: Call Test Case 'Test Cases/BEP/Create_Approve_Reject/Create_BEP_EmailOutput' failed)]]></system-out>
         <system-err><![CDATA[2018-08-28 11:57:46 - [TEST_CASE][FAILED] - Test Cases/BEP/TestCases/TC_CreateBEP_EmailOutput_SendEmail_CreateECR: Test Cases/BEP/TestCases/TC_CreateBEP_EmailOutput_SendEmail_CreateECR FAILED because (of) Unable to scroll to object 'Object Repository/Generic/FINISH_BUTTON' (Root cause: com.kms.katalon.core.webui.exception.WebElementNotFoundException: Web element with id: 'Object Repository/Generic/FINISH_BUTTON' located by 'By.xpath: //button[@data-test-id='2017030903153107252958']' not found)]]></system-err>
      </testcase>
      <system-out><![CDATA[2018-08-28 11:57:45 - [TEST_SUITE][FAILED] - Estimate: Test Cases/BEP/TestCases/TC_CreateBEP_EmailOutput_SendEmail_CreateECR FAILED because (of) Unable to scroll to object 'Object Repository/Generic/FINISH_BUTTON' (Root cause: com.kms.katalon.core.webui.exception.WebElementNotFoundException: Web element with id: 'Object Repository/Generic/FINISH_BUTTON' located by 'By.xpath: //button[@data-test-id='2017030903153107252958']' not found)]]></system-out>
      <system-err><![CDATA[2018-08-28 11:57:45 - [TEST_SUITE][FAILED] - Estimate: Test Cases/BEP/TestCases/TC_CreateBEP_EmailOutput_SendEmail_CreateECR FAILED because (of) Unable to scroll to object 'Object Repository/Generic/FINISH_BUTTON' (Root cause: com.kms.katalon.core.webui.exception.WebElementNotFoundException: Web element with id: 'Object Repository/Generic/FINISH_BUTTON' located by 'By.xpath: //button[@data-test-id='2017030903153107252958']' not found)]]></system-err>
   </testsuite>
</testsuites>
