{"devicePlatform":"","logFolder":"C:\\DA-UI-AUTOMATION\\Reports\\Estimate\\20180828_112719","runData":{"hostName":"nipin - L38196WIN.rpega.com","os":"Windows 10 64bit","katalonVersion":"5.5.0.1","browser":"Chrome 68.0.3440.106","hostAddress":"10.150.107.46","sessionId":"e14c4fd3b0835622865b80dde0404c60","seleniumVersion":"3.7.1","proxyInformation":"ProxyInformation{proxyOption\u003dNO_PROXY, proxyServerType\u003dHTTP, password\u003d, proxyServerAddress\u003d, proxyServerPort\u003d0}","platform":"Windows 10"},"type":"TEST_SUITE","name":"Estimate","id":"Test Suites/Estimate","source":"","message":"Test Cases/BEP/TestCases/TC_CreateBEP_EmailOutput_SendEmail_CreateECR FAILED because (of) Unable to click on object \u0027Object Repository/Generic/NEXT_BUTTON\u0027 (Root cause: org.openqa.selenium.WebDriverException: unknown error: Element \u003cbutton data-test-id\u003d\"20150226064347057917526\" data-ctl\u003d\"\" data-click\u003d\"[[\u0026quot;setUserStart\u0026quot;,[\u0026quot;FINISHASSIGNMENT\u0026quot;]],[\u0026quot;doFormSubmit\u0026quot;,[\u0026quot;pyActivity\u003dFinishAssignment\u0026quot;,\u0026quot;:this\u0026quot;,\u0026quot;\u0026quot;,\u0026quot;:event\u0026quot;]]]\" name\u003d\"COECaseActionAreaButtons_pyWorkPage_25\" class\u003d\"pzhc pzbutton\" type\u003d\"button\" title\u003d\"Move to the next screen\" alt\u003d\"Move to the next screen\"\u003e...\u003c/button\u003e is not clickable at point (826, 817). Other element would receive the click: \u003cdiv id\u003d\"pega_ui_mask\" class\u003d\"pega_ui_masking\" style\u003d\"position: fixed; display: block; height: 840px; left: 0px; width: 1640px;\"\u003e...\u003c/div\u003e\n  (Session info: chrome\u003d68.0.3440.106)\n  (Driver info: chromedriver\u003d2.35.528161 (5b82f2d2aae0ca24b877009200ced9065a772e73),platform\u003dWindows NT 10.0.17134 x86_64) (WARNING: The server did not provide any stacktrace information)\nCommand duration or timeout: 0 milliseconds\nBuild info: version: \u00273.7.1\u0027, revision: \u00278a0099a\u0027, time: \u00272017-11-06T21:07:36.161Z\u0027\nSystem info: host: \u0027L38196WIN\u0027, ip: \u002710.150.107.46\u0027, os.name: \u0027Windows 10\u0027, os.arch: \u0027amd64\u0027, os.version: \u002710.0\u0027, java.version: \u00271.8.0_102\u0027\nDriver info: com.kms.katalon.selenium.driver.CChromeDriver\nCapabilities {acceptInsecureCerts: false, acceptSslCerts: false, applicationCacheEnabled: false, browserConnectionEnabled: false, browserName: chrome, chrome: {chromedriverVersion: 2.35.528161 (5b82f2d2aae0ca..., userDataDir: C:\\Users\\nipin\\AppData\\Loca...}, cssSelectorsEnabled: true, databaseEnabled: false, handlesAlerts: true, hasTouchScreen: false, javascriptEnabled: true, locationContextEnabled: true, mobileEmulationEnabled: false, nativeEvents: true, networkConnectionEnabled: false, pageLoadStrategy: normal, platform: XP, platformName: XP, rotatable: false, setWindowRect: true, takesHeapSnapshot: true, takesScreenshot: true, unexpectedAlertBehaviour: , unhandledPromptBehavior: , version: 68.0.3440.106, webStorageEnabled: true}\nSession ID: e14c4fd3b0835622865b80dde0404c60)","description":"","startTime":1535435843051,"endTime":1535436108501,"childRecords":[{"isOptional":false,"type":"TEST_CASE","name":"Test Cases/BEP/TestCases/TC_CreateBEP_EmailOutput_SendEmail_CreateECR","id":"Test Cases/BEP/TestCases/TC_CreateBEP_EmailOutput_SendEmail_CreateECR","source":"C:\\\\DA-UI-AUTOMATION\\\\Test Cases\\\\BEP\\\\TestCases\\\\TC_CreateBEP_EmailOutput_SendEmail_CreateECR.tc","message":"Test Cases/BEP/TestCases/TC_CreateBEP_EmailOutput_SendEmail_CreateECR FAILED because (of) Unable to click on object \u0027Object Repository/Generic/NEXT_BUTTON\u0027 (Root cause: org.openqa.selenium.WebDriverException: unknown error: Element \u003cbutton data-test-id\u003d\"20150226064347057917526\" data-ctl\u003d\"\" data-click\u003d\"[[\u0026quot;setUserStart\u0026quot;,[\u0026quot;FINISHASSIGNMENT\u0026quot;]],[\u0026quot;doFormSubmit\u0026quot;,[\u0026quot;pyActivity\u003dFinishAssignment\u0026quot;,\u0026quot;:this\u0026quot;,\u0026quot;\u0026quot;,\u0026quot;:event\u0026quot;]]]\" name\u003d\"COECaseActionAreaButtons_pyWorkPage_25\" class\u003d\"pzhc pzbutton\" type\u003d\"button\" title\u003d\"Move to the next screen\" alt\u003d\"Move to the next screen\"\u003e...\u003c/button\u003e is not clickable at point (826, 817). Other element would receive the click: \u003cdiv id\u003d\"pega_ui_mask\" class\u003d\"pega_ui_masking\" style\u003d\"position: fixed; display: block; height: 840px; left: 0px; width: 1640px;\"\u003e...\u003c/div\u003e\n  (Session info: chrome\u003d68.0.3440.106)\n  (Driver info: chromedriver\u003d2.35.528161 (5b82f2d2aae0ca24b877009200ced9065a772e73),platform\u003dWindows NT 10.0.17134 x86_64) (WARNING: The server did not provide any stacktrace information)\nCommand duration or timeout: 0 milliseconds\nBuild info: version: \u00273.7.1\u0027, revision: \u00278a0099a\u0027, time: \u00272017-11-06T21:07:36.161Z\u0027\nSystem info: host: \u0027L38196WIN\u0027, ip: \u002710.150.107.46\u0027, os.name: \u0027Windows 10\u0027, os.arch: \u0027amd64\u0027, os.version: \u002710.0\u0027, java.version: \u00271.8.0_102\u0027\nDriver info: com.kms.katalon.selenium.driver.CChromeDriver\nCapabilities {acceptInsecureCerts: false, acceptSslCerts: false, applicationCacheEnabled: false, browserConnectionEnabled: false, browserName: chrome, chrome: {chromedriverVersion: 2.35.528161 (5b82f2d2aae0ca..., userDataDir: C:\\Users\\nipin\\AppData\\Loca...}, cssSelectorsEnabled: true, databaseEnabled: false, handlesAlerts: true, hasTouchScreen: false, javascriptEnabled: true, locationContextEnabled: true, mobileEmulationEnabled: false, nativeEvents: true, networkConnectionEnabled: false, pageLoadStrategy: normal, platform: XP, platformName: XP, rotatable: false, setWindowRect: true, takesHeapSnapshot: true, takesScreenshot: true, unexpectedAlertBehaviour: , unhandledPromptBehavior: , version: 68.0.3440.106, webStorageEnabled: true}\nSession ID: e14c4fd3b0835622865b80dde0404c60)","description":"","startTime":1535435843679,"endTime":1535436104514,"childRecords":[{"testStatus":{"stackTrace":"","statusValue":"INFO"},"type":"MESSAGE","name":"","message":"Evaluating variables for test case","startTime":1535435843771,"endTime":0,"childRecords":[],"interuppted":false},{"index":1,"isIgnoredIfFailed":false,"type":"TEST_STEP","name":"callTestCase","message":"Unable to call Test Case with id \u0027Test Cases/BEP/Create_Approve_Reject/Create_BEP_EmailOutput\u0027 (Root cause: Call Test Case \u0027Test Cases/BEP/Create_Approve_Reject/Create_BEP_EmailOutput\u0027 failed)","description":"","startTime":1535435844407,"endTime":1535436104501,"childRecords":[{"isOptional":false,"type":"TEST_CASE","name":"Test Cases/BEP/Create_Approve_Reject/Create_BEP_EmailOutput","id":"Test Cases/BEP/Create_Approve_Reject/Create_BEP_EmailOutput","source":"C:\\\\DA-UI-AUTOMATION\\\\Test Cases\\\\BEP\\\\Create_Approve_Reject\\\\Create_BEP_EmailOutput.tc","message":"Test Cases/BEP/Create_Approve_Reject/Create_BEP_EmailOutput FAILED because (of) Unable to click on object \u0027Object Repository/Generic/NEXT_BUTTON\u0027 (Root cause: org.openqa.selenium.WebDriverException: unknown error: Element \u003cbutton data-test-id\u003d\"20150226064347057917526\" data-ctl\u003d\"\" data-click\u003d\"[[\u0026quot;setUserStart\u0026quot;,[\u0026quot;FINISHASSIGNMENT\u0026quot;]],[\u0026quot;doFormSubmit\u0026quot;,[\u0026quot;pyActivity\u003dFinishAssignment\u0026quot;,\u0026quot;:this\u0026quot;,\u0026quot;\u0026quot;,\u0026quot;:event\u0026quot;]]]\" name\u003d\"COECaseActionAreaButtons_pyWorkPage_25\" class\u003d\"pzhc pzbutton\" type\u003d\"button\" title\u003d\"Move to the next screen\" alt\u003d\"Move to the next screen\"\u003e...\u003c/button\u003e is not clickable at point (826, 817). Other element would receive the click: \u003cdiv id\u003d\"pega_ui_mask\" class\u003d\"pega_ui_masking\" style\u003d\"position: fixed; display: block; height: 840px; left: 0px; width: 1640px;\"\u003e...\u003c/div\u003e\n  (Session info: chrome\u003d68.0.3440.106)\n  (Driver info: chromedriver\u003d2.35.528161 (5b82f2d2aae0ca24b877009200ced9065a772e73),platform\u003dWindows NT 10.0.17134 x86_64) (WARNING: The server did not provide any stacktrace information)\nCommand duration or timeout: 0 milliseconds\nBuild info: version: \u00273.7.1\u0027, revision: \u00278a0099a\u0027, time: \u00272017-11-06T21:07:36.161Z\u0027\nSystem info: host: \u0027L38196WIN\u0027, ip: \u002710.150.107.46\u0027, os.name: \u0027Windows 10\u0027, os.arch: \u0027amd64\u0027, os.version: \u002710.0\u0027, java.version: \u00271.8.0_102\u0027\nDriver info: com.kms.katalon.selenium.driver.CChromeDriver\nCapabilities {acceptInsecureCerts: false, acceptSslCerts: false, applicationCacheEnabled: false, browserConnectionEnabled: false, browserName: chrome, chrome: {chromedriverVersion: 2.35.528161 (5b82f2d2aae0ca..., userDataDir: C:\\Users\\nipin\\AppData\\Loca...}, cssSelectorsEnabled: true, databaseEnabled: false, handlesAlerts: true, hasTouchScreen: false, javascriptEnabled: true, locationContextEnabled: true, mobileEmulationEnabled: false, nativeEvents: true, networkConnectionEnabled: false, pageLoadStrategy: normal, platform: XP, platformName: XP, rotatable: false, setWindowRect: true, takesHeapSnapshot: true, takesScreenshot: true, unexpectedAlertBehaviour: , unhandledPromptBehavior: , version: 68.0.3440.106, webStorageEnabled: true}\nSession ID: e14c4fd3b0835622865b80dde0404c60)","description":"","startTime":1535435844555,"endTime":1535436104490,"childRecords":[{"testStatus":{"stackTrace":"","statusValue":"INFO"},"type":"MESSAGE","name":"","message":"Evaluating variables for test case","startTime":1535435844598,"endTime":0,"childRecords":[],"interuppted":false},{"index":1,"isIgnoredIfFailed":false,"type":"TEST_STEP","name":"com.da.commonutilities.login","message":"com.da.commonutilities.login is PASSED","description":"","startTime":1535435844979,"endTime":1535435897076,"childRecords":[{"testStatus":{"stackTrace":"","statusValue":"PASSED"},"type":"MESSAGE","name":"","message":"Browser is opened with url: \u0027\u0027","startTime":1535435855499,"endTime":0,"childRecords":[],"interuppted":false},{"testStatus":{"stackTrace":"","statusValue":"PASSED"},"type":"MESSAGE","name":"","message":"Navigate to \u0027https://vdaqa.rpega.com:9030/daqa/PRServlet\u0027 successfully","startTime":1535435862031,"endTime":0,"childRecords":[],"interuppted":false},{"testStatus":{"stackTrace":"","statusValue":"PASSED"},"type":"MESSAGE","name":"","message":"Text \u0027hendj@pegasystems.com\u0027 is set on object \u0027Object Repository/Generic/input_UserIdentifier\u0027","startTime":1535435874541,"endTime":0,"childRecords":[],"interuppted":false},{"testStatus":{"stackTrace":"","statusValue":"PASSED"},"type":"MESSAGE","name":"","message":"Text \u0027install\u0027 is set on object \u0027Object Repository/Generic/input_Password\u0027","startTime":1535435886826,"endTime":0,"childRecords":[],"interuppted":false},{"testStatus":{"stackTrace":"","statusValue":"PASSED"},"type":"MESSAGE","name":"","message":"Keys \u0027ENTER + \u0027 sent to object: \u0027Object Repository/Generic/input_Password\u0027","startTime":1535435897075,"endTime":0,"childRecords":[],"interuppted":false},{"testStatus":{"stackTrace":"","statusValue":"PASSED"},"type":"MESSAGE","name":"","message":"com.da.commonutilities.login is PASSED","startTime":1535435897076,"endTime":0,"childRecords":[],"interuppted":false}],"interuppted":false},{"attachment":"1535436100893.png","index":2,"isIgnoredIfFailed":false,"type":"TEST_STEP","name":"com.da.BEP.Estimate","message":"Unable to click on object \u0027Object Repository/Generic/NEXT_BUTTON\u0027 (Root cause: org.openqa.selenium.WebDriverException: unknown error: Element \u003cbutton data-test-id\u003d\"20150226064347057917526\" data-ctl\u003d\"\" data-click\u003d\"[[\u0026quot;setUserStart\u0026quot;,[\u0026quot;FINISHASSIGNMENT\u0026quot;]],[\u0026quot;doFormSubmit\u0026quot;,[\u0026quot;pyActivity\u003dFinishAssignment\u0026quot;,\u0026quot;:this\u0026quot;,\u0026quot;\u0026quot;,\u0026quot;:event\u0026quot;]]]\" name\u003d\"COECaseActionAreaButtons_pyWorkPage_25\" class\u003d\"pzhc pzbutton\" type\u003d\"button\" title\u003d\"Move to the next screen\" alt\u003d\"Move to the next screen\"\u003e...\u003c/button\u003e is not clickable at point (826, 817). Other element would receive the click: \u003cdiv id\u003d\"pega_ui_mask\" class\u003d\"pega_ui_masking\" style\u003d\"position: fixed; display: block; height: 840px; left: 0px; width: 1640px;\"\u003e...\u003c/div\u003e\n  (Session info: chrome\u003d68.0.3440.106)\n  (Driver info: chromedriver\u003d2.35.528161 (5b82f2d2aae0ca24b877009200ced9065a772e73),platform\u003dWindows NT 10.0.17134 x86_64) (WARNING: The server did not provide any stacktrace information)\nCommand duration or timeout: 0 milliseconds\nBuild info: version: \u00273.7.1\u0027, revision: \u00278a0099a\u0027, time: \u00272017-11-06T21:07:36.161Z\u0027\nSystem info: host: \u0027L38196WIN\u0027, ip: \u002710.150.107.46\u0027, os.name: \u0027Windows 10\u0027, os.arch: \u0027amd64\u0027, os.version: \u002710.0\u0027, java.version: \u00271.8.0_102\u0027\nDriver info: com.kms.katalon.selenium.driver.CChromeDriver\nCapabilities {acceptInsecureCerts: false, acceptSslCerts: false, applicationCacheEnabled: false, browserConnectionEnabled: false, browserName: chrome, chrome: {chromedriverVersion: 2.35.528161 (5b82f2d2aae0ca..., userDataDir: C:\\Users\\nipin\\AppData\\Loca...}, cssSelectorsEnabled: true, databaseEnabled: false, handlesAlerts: true, hasTouchScreen: false, javascriptEnabled: true, locationContextEnabled: true, mobileEmulationEnabled: false, nativeEvents: true, networkConnectionEnabled: false, pageLoadStrategy: normal, platform: XP, platformName: XP, rotatable: false, setWindowRect: true, takesHeapSnapshot: true, takesScreenshot: true, unexpectedAlertBehaviour: , unhandledPromptBehavior: , version: 68.0.3440.106, webStorageEnabled: true}\nSession ID: e14c4fd3b0835622865b80dde0404c60)","description":"","startTime":1535435897077,"endTime":1535436104459,"childRecords":[{"testStatus":{"stackTrace":"","statusValue":"PASSED"},"type":"MESSAGE","name":"","message":"Current window maximized","startTime":1535435901307,"endTime":0,"childRecords":[],"interuppted":false},{"testStatus":{"stackTrace":"","statusValue":"PASSED"},"type":"MESSAGE","name":"","message":"Delayed 2 second(s)","startTime":1535435903321,"endTime":0,"childRecords":[],"interuppted":false},{"testStatus":{"stackTrace":"","statusValue":"PASSED"},"type":"MESSAGE","name":"","message":"Object: \u0027Object Repository/Generic/New\u0027 is clicked on","startTime":1535435909746,"endTime":0,"childRecords":[],"interuppted":false},{"testStatus":{"stackTrace":"","statusValue":"PASSED"},"type":"MESSAGE","name":"","message":"Delayed 4 second(s)","startTime":1535435913748,"endTime":0,"childRecords":[],"interuppted":false},{"testStatus":{"stackTrace":"","statusValue":"PASSED"},"type":"MESSAGE","name":"","message":"Object: \u0027Object Repository/BEP/Generic/EstimateLink\u0027 is clicked on","startTime":1535435920075,"endTime":0,"childRecords":[],"interuppted":false},{"testStatus":{"stackTrace":"","statusValue":"PASSED"},"type":"MESSAGE","name":"","message":"Delayed 4 second(s)","startTime":1535435924076,"endTime":0,"childRecords":[],"interuppted":false},{"testStatus":{"stackTrace":"","statusValue":"PASSED"},"type":"MESSAGE","name":"","message":"Object: \u0027Object Repository/ECR/Generic/WOTAB\u0027 is clicked on","startTime":1535435930288,"endTime":0,"childRecords":[],"interuppted":false},{"testStatus":{"stackTrace":"","statusValue":"PASSED"},"type":"MESSAGE","name":"","message":"Wait for page load successfully","startTime":1535435933394,"endTime":0,"childRecords":[],"interuppted":false},{"testStatus":{"stackTrace":"","statusValue":"PASSED"},"type":"MESSAGE","name":"","message":"Delayed 5 second(s)","startTime":1535435944566,"endTime":0,"childRecords":[],"interuppted":false},{"testStatus":{"stackTrace":"","statusValue":"WARNING"},"type":"MESSAGE","name":"","message":"Object \u0027Object Repository/BEP/Generic/import\u0027 is not visible after 30 second(s)","startTime":1535435978859,"endTime":0,"childRecords":[],"interuppted":false},{"testStatus":{"stackTrace":"","statusValue":"PASSED"},"type":"MESSAGE","name":"","message":"Delayed 5 second(s)","startTime":1535435990025,"endTime":0,"childRecords":[],"interuppted":false},{"testStatus":{"stackTrace":"","statusValue":"PASSED"},"type":"MESSAGE","name":"","message":"File \u0027C:\\DA-UI-AUTOMATION\\Data Files\\BEP\\Estimate.xlsm\u0027 sent to object: \u0027Object Repository/Generic/FilePath\u0027","startTime":1535435996205,"endTime":0,"childRecords":[],"interuppted":false},{"testStatus":{"stackTrace":"","statusValue":"PASSED"},"type":"MESSAGE","name":"","message":"Delayed 5 second(s)","startTime":1535436001205,"endTime":0,"childRecords":[],"interuppted":false},{"testStatus":{"stackTrace":"","statusValue":"PASSED"},"type":"MESSAGE","name":"","message":"Object: \u0027Object Repository/Generic/button_Submit\u0027 is clicked on","startTime":1535436007624,"endTime":0,"childRecords":[],"interuppted":false},{"testStatus":{"stackTrace":"","statusValue":"PASSED"},"type":"MESSAGE","name":"","message":"Delayed 10 second(s)","startTime":1535436017625,"endTime":0,"childRecords":[],"interuppted":false},{"testStatus":{"stackTrace":"","statusValue":"PASSED"},"type":"MESSAGE","name":"","message":"Text \u0027BOFA\u0027 is set on object \u0027Object Repository/Generic/ORG\u0027","startTime":1535436030286,"endTime":0,"childRecords":[],"interuppted":false},{"testStatus":{"stackTrace":"","statusValue":"PASSED"},"type":"MESSAGE","name":"","message":"Delayed 7 second(s)","startTime":1535436037288,"endTime":0,"childRecords":[],"interuppted":false},{"testStatus":{"stackTrace":"","statusValue":"PASSED"},"type":"MESSAGE","name":"","message":"Keys \u0027TAB + \u0027 sent to object: \u0027Object Repository/Generic/ORG\u0027","startTime":1535436043442,"endTime":0,"childRecords":[],"interuppted":false},{"testStatus":{"stackTrace":"","statusValue":"PASSED"},"type":"MESSAGE","name":"","message":"Delayed 7 second(s)","startTime":1535436050444,"endTime":0,"childRecords":[],"interuppted":false},{"testStatus":{"stackTrace":"","statusValue":"PASSED"},"type":"MESSAGE","name":"","message":"Text \u0027BOFA\u0027 is set on object \u0027Object Repository/Generic/ACC\u0027","startTime":1535436063043,"endTime":0,"childRecords":[],"interuppted":false},{"testStatus":{"stackTrace":"","statusValue":"PASSED"},"type":"MESSAGE","name":"","message":"Delayed 7 second(s)","startTime":1535436070044,"endTime":0,"childRecords":[],"interuppted":false},{"testStatus":{"stackTrace":"","statusValue":"PASSED"},"type":"MESSAGE","name":"","message":"Keys \u0027TAB + \u0027 sent to object: \u0027Object Repository/Generic/ACC\u0027","startTime":1535436076267,"endTime":0,"childRecords":[],"interuppted":false},{"testStatus":{"stackTrace":"","statusValue":"PASSED"},"type":"MESSAGE","name":"","message":"Delayed 5 second(s)","startTime":1535436081269,"endTime":0,"childRecords":[],"interuppted":false},{"testStatus":{"stackTrace":"","statusValue":"WARNING"},"type":"MESSAGE","name":"","message":"Text \u0027The engagement you entered doesn\u0027t match\u0027 is not present on page ","startTime":1535436088471,"endTime":0,"childRecords":[],"interuppted":false},{"testStatus":{"stackTrace":"","statusValue":"PASSED"},"type":"MESSAGE","name":"","message":"Scroll to object \u0027Object Repository/Generic/NEXT_BUTTON\u0027 successfully","startTime":1535436094652,"endTime":0,"childRecords":[],"interuppted":false},{"testStatus":{"stackTrace":"","statusValue":"FAILED"},"attachment":"1535436100893.png","type":"MESSAGE","name":"","message":"Unable to click on object \u0027Object Repository/Generic/NEXT_BUTTON\u0027 (Root cause: org.openqa.selenium.WebDriverException: unknown error: Element \u003cbutton data-test-id\u003d\"20150226064347057917526\" data-ctl\u003d\"\" data-click\u003d\"[[\u0026quot;setUserStart\u0026quot;,[\u0026quot;FINISHASSIGNMENT\u0026quot;]],[\u0026quot;doFormSubmit\u0026quot;,[\u0026quot;pyActivity\u003dFinishAssignment\u0026quot;,\u0026quot;:this\u0026quot;,\u0026quot;\u0026quot;,\u0026quot;:event\u0026quot;]]]\" name\u003d\"COECaseActionAreaButtons_pyWorkPage_25\" class\u003d\"pzhc pzbutton\" type\u003d\"button\" title\u003d\"Move to the next screen\" alt\u003d\"Move to the next screen\"\u003e...\u003c/button\u003e is not clickable at point (826, 817). Other element would receive the click: \u003cdiv id\u003d\"pega_ui_mask\" class\u003d\"pega_ui_masking\" style\u003d\"position: fixed; display: block; height: 840px; left: 0px; width: 1640px;\"\u003e...\u003c/div\u003e\n  (Session info: chrome\u003d68.0.3440.106)\n  (Driver info: chromedriver\u003d2.35.528161 (5b82f2d2aae0ca24b877009200ced9065a772e73),platform\u003dWindows NT 10.0.17134 x86_64) (WARNING: The server did not provide any stacktrace information)\nCommand duration or timeout: 0 milliseconds\nBuild info: version: \u00273.7.1\u0027, revision: \u00278a0099a\u0027, time: \u00272017-11-06T21:07:36.161Z\u0027\nSystem info: host: \u0027L38196WIN\u0027, ip: \u002710.150.107.46\u0027, os.name: \u0027Windows 10\u0027, os.arch: \u0027amd64\u0027, os.version: \u002710.0\u0027, java.version: \u00271.8.0_102\u0027\nDriver info: com.kms.katalon.selenium.driver.CChromeDriver\nCapabilities {acceptInsecureCerts: false, acceptSslCerts: false, applicationCacheEnabled: false, browserConnectionEnabled: false, browserName: chrome, chrome: {chromedriverVersion: 2.35.528161 (5b82f2d2aae0ca..., userDataDir: C:\\Users\\nipin\\AppData\\Loca...}, cssSelectorsEnabled: true, databaseEnabled: false, handlesAlerts: true, hasTouchScreen: false, javascriptEnabled: true, locationContextEnabled: true, mobileEmulationEnabled: false, nativeEvents: true, networkConnectionEnabled: false, pageLoadStrategy: normal, platform: XP, platformName: XP, rotatable: false, setWindowRect: true, takesHeapSnapshot: true, takesScreenshot: true, unexpectedAlertBehaviour: , unhandledPromptBehavior: , version: 68.0.3440.106, webStorageEnabled: true}\nSession ID: e14c4fd3b0835622865b80dde0404c60)","startTime":1535436104451,"endTime":0,"childRecords":[],"interuppted":false},{"testStatus":{"stackTrace":"","statusValue":"FAILED"},"type":"MESSAGE","name":"","message":"Unable to click on object \u0027Object Repository/Generic/NEXT_BUTTON\u0027 (Root cause: org.openqa.selenium.WebDriverException: unknown error: Element \u003cbutton data-test-id\u003d\"20150226064347057917526\" data-ctl\u003d\"\" data-click\u003d\"[[\u0026quot;setUserStart\u0026quot;,[\u0026quot;FINISHASSIGNMENT\u0026quot;]],[\u0026quot;doFormSubmit\u0026quot;,[\u0026quot;pyActivity\u003dFinishAssignment\u0026quot;,\u0026quot;:this\u0026quot;,\u0026quot;\u0026quot;,\u0026quot;:event\u0026quot;]]]\" name\u003d\"COECaseActionAreaButtons_pyWorkPage_25\" class\u003d\"pzhc pzbutton\" type\u003d\"button\" title\u003d\"Move to the next screen\" alt\u003d\"Move to the next screen\"\u003e...\u003c/button\u003e is not clickable at point (826, 817). Other element would receive the click: \u003cdiv id\u003d\"pega_ui_mask\" class\u003d\"pega_ui_masking\" style\u003d\"position: fixed; display: block; height: 840px; left: 0px; width: 1640px;\"\u003e...\u003c/div\u003e\n  (Session info: chrome\u003d68.0.3440.106)\n  (Driver info: chromedriver\u003d2.35.528161 (5b82f2d2aae0ca24b877009200ced9065a772e73),platform\u003dWindows NT 10.0.17134 x86_64) (WARNING: The server did not provide any stacktrace information)\nCommand duration or timeout: 0 milliseconds\nBuild info: version: \u00273.7.1\u0027, revision: \u00278a0099a\u0027, time: \u00272017-11-06T21:07:36.161Z\u0027\nSystem info: host: \u0027L38196WIN\u0027, ip: \u002710.150.107.46\u0027, os.name: \u0027Windows 10\u0027, os.arch: \u0027amd64\u0027, os.version: \u002710.0\u0027, java.version: \u00271.8.0_102\u0027\nDriver info: com.kms.katalon.selenium.driver.CChromeDriver\nCapabilities {acceptInsecureCerts: false, acceptSslCerts: false, applicationCacheEnabled: false, browserConnectionEnabled: false, browserName: chrome, chrome: {chromedriverVersion: 2.35.528161 (5b82f2d2aae0ca..., userDataDir: C:\\Users\\nipin\\AppData\\Loca...}, cssSelectorsEnabled: true, databaseEnabled: false, handlesAlerts: true, hasTouchScreen: false, javascriptEnabled: true, locationContextEnabled: true, mobileEmulationEnabled: false, nativeEvents: true, networkConnectionEnabled: false, pageLoadStrategy: normal, platform: XP, platformName: XP, rotatable: false, setWindowRect: true, takesHeapSnapshot: true, takesScreenshot: true, unexpectedAlertBehaviour: , unhandledPromptBehavior: , version: 68.0.3440.106, webStorageEnabled: true}\nSession ID: e14c4fd3b0835622865b80dde0404c60)","startTime":1535436104456,"endTime":0,"childRecords":[],"interuppted":false}],"interuppted":false},{"testStatus":{"stackTrace":"","statusValue":"FAILED"},"type":"MESSAGE","name":"","message":"Test Cases/BEP/Create_Approve_Reject/Create_BEP_EmailOutput FAILED because (of) Unable to click on object \u0027Object Repository/Generic/NEXT_BUTTON\u0027 (Root cause: org.openqa.selenium.WebDriverException: unknown error: Element \u003cbutton data-test-id\u003d\"20150226064347057917526\" data-ctl\u003d\"\" data-click\u003d\"[[\u0026quot;setUserStart\u0026quot;,[\u0026quot;FINISHASSIGNMENT\u0026quot;]],[\u0026quot;doFormSubmit\u0026quot;,[\u0026quot;pyActivity\u003dFinishAssignment\u0026quot;,\u0026quot;:this\u0026quot;,\u0026quot;\u0026quot;,\u0026quot;:event\u0026quot;]]]\" name\u003d\"COECaseActionAreaButtons_pyWorkPage_25\" class\u003d\"pzhc pzbutton\" type\u003d\"button\" title\u003d\"Move to the next screen\" alt\u003d\"Move to the next screen\"\u003e...\u003c/button\u003e is not clickable at point (826, 817). Other element would receive the click: \u003cdiv id\u003d\"pega_ui_mask\" class\u003d\"pega_ui_masking\" style\u003d\"position: fixed; display: block; height: 840px; left: 0px; width: 1640px;\"\u003e...\u003c/div\u003e\n  (Session info: chrome\u003d68.0.3440.106)\n  (Driver info: chromedriver\u003d2.35.528161 (5b82f2d2aae0ca24b877009200ced9065a772e73),platform\u003dWindows NT 10.0.17134 x86_64) (WARNING: The server did not provide any stacktrace information)\nCommand duration or timeout: 0 milliseconds\nBuild info: version: \u00273.7.1\u0027, revision: \u00278a0099a\u0027, time: \u00272017-11-06T21:07:36.161Z\u0027\nSystem info: host: \u0027L38196WIN\u0027, ip: \u002710.150.107.46\u0027, os.name: \u0027Windows 10\u0027, os.arch: \u0027amd64\u0027, os.version: \u002710.0\u0027, java.version: \u00271.8.0_102\u0027\nDriver info: com.kms.katalon.selenium.driver.CChromeDriver\nCapabilities {acceptInsecureCerts: false, acceptSslCerts: false, applicationCacheEnabled: false, browserConnectionEnabled: false, browserName: chrome, chrome: {chromedriverVersion: 2.35.528161 (5b82f2d2aae0ca..., userDataDir: C:\\Users\\nipin\\AppData\\Loca...}, cssSelectorsEnabled: true, databaseEnabled: false, handlesAlerts: true, hasTouchScreen: false, javascriptEnabled: true, locationContextEnabled: true, mobileEmulationEnabled: false, nativeEvents: true, networkConnectionEnabled: false, pageLoadStrategy: normal, platform: XP, platformName: XP, rotatable: false, setWindowRect: true, takesHeapSnapshot: true, takesScreenshot: true, unexpectedAlertBehaviour: , unhandledPromptBehavior: , version: 68.0.3440.106, webStorageEnabled: true}\nSession ID: e14c4fd3b0835622865b80dde0404c60)","startTime":1535436104460,"endTime":0,"childRecords":[],"interuppted":false}],"interuppted":false},{"testStatus":{"stackTrace":"","statusValue":"FAILED"},"type":"MESSAGE","name":"","message":"Unable to call Test Case with id \u0027Test Cases/BEP/Create_Approve_Reject/Create_BEP_EmailOutput\u0027 (Root cause: Call Test Case \u0027Test Cases/BEP/Create_Approve_Reject/Create_BEP_EmailOutput\u0027 failed)","startTime":1535436104500,"endTime":0,"childRecords":[],"interuppted":false}],"interuppted":false},{"testStatus":{"stackTrace":"","statusValue":"FAILED"},"type":"MESSAGE","name":"","message":"Test Cases/BEP/TestCases/TC_CreateBEP_EmailOutput_SendEmail_CreateECR FAILED because (of) Unable to click on object \u0027Object Repository/Generic/NEXT_BUTTON\u0027 (Root cause: org.openqa.selenium.WebDriverException: unknown error: Element \u003cbutton data-test-id\u003d\"20150226064347057917526\" data-ctl\u003d\"\" data-click\u003d\"[[\u0026quot;setUserStart\u0026quot;,[\u0026quot;FINISHASSIGNMENT\u0026quot;]],[\u0026quot;doFormSubmit\u0026quot;,[\u0026quot;pyActivity\u003dFinishAssignment\u0026quot;,\u0026quot;:this\u0026quot;,\u0026quot;\u0026quot;,\u0026quot;:event\u0026quot;]]]\" name\u003d\"COECaseActionAreaButtons_pyWorkPage_25\" class\u003d\"pzhc pzbutton\" type\u003d\"button\" title\u003d\"Move to the next screen\" alt\u003d\"Move to the next screen\"\u003e...\u003c/button\u003e is not clickable at point (826, 817). Other element would receive the click: \u003cdiv id\u003d\"pega_ui_mask\" class\u003d\"pega_ui_masking\" style\u003d\"position: fixed; display: block; height: 840px; left: 0px; width: 1640px;\"\u003e...\u003c/div\u003e\n  (Session info: chrome\u003d68.0.3440.106)\n  (Driver info: chromedriver\u003d2.35.528161 (5b82f2d2aae0ca24b877009200ced9065a772e73),platform\u003dWindows NT 10.0.17134 x86_64) (WARNING: The server did not provide any stacktrace information)\nCommand duration or timeout: 0 milliseconds\nBuild info: version: \u00273.7.1\u0027, revision: \u00278a0099a\u0027, time: \u00272017-11-06T21:07:36.161Z\u0027\nSystem info: host: \u0027L38196WIN\u0027, ip: \u002710.150.107.46\u0027, os.name: \u0027Windows 10\u0027, os.arch: \u0027amd64\u0027, os.version: \u002710.0\u0027, java.version: \u00271.8.0_102\u0027\nDriver info: com.kms.katalon.selenium.driver.CChromeDriver\nCapabilities {acceptInsecureCerts: false, acceptSslCerts: false, applicationCacheEnabled: false, browserConnectionEnabled: false, browserName: chrome, chrome: {chromedriverVersion: 2.35.528161 (5b82f2d2aae0ca..., userDataDir: C:\\Users\\nipin\\AppData\\Loca...}, cssSelectorsEnabled: true, databaseEnabled: false, handlesAlerts: true, hasTouchScreen: false, javascriptEnabled: true, locationContextEnabled: true, mobileEmulationEnabled: false, nativeEvents: true, networkConnectionEnabled: false, pageLoadStrategy: normal, platform: XP, platformName: XP, rotatable: false, setWindowRect: true, takesHeapSnapshot: true, takesScreenshot: true, unexpectedAlertBehaviour: , unhandledPromptBehavior: , version: 68.0.3440.106, webStorageEnabled: true}\nSession ID: e14c4fd3b0835622865b80dde0404c60)","startTime":1535436104502,"endTime":0,"childRecords":[],"interuppted":false}],"interuppted":false}],"interuppted":false}