<?xml version="1.0" encoding="UTF-8"?>
<testsuites name="Estimate" time="265" tests="0" failures="1" errors="0">
   <testsuite name="Estimate" tests="0" failures="1" errors="0" time="265" timestamp="2018-08-28 11:27:23" hostname="nipin - L38196WIN.rpega.com" id="Test Suites/Estimate">
      <properties>
         <property name="deviceName" value=""/>
         <property name="devicePlatform" value=""/>
         <property name="logFolder" value="C:\\DA-UI-AUTOMATION\\Reports\\Estimate\\20180828_112719"/>
         <property name="logFiles" value="C:\\DA-UI-AUTOMATION\\Reports\\Estimate\\20180828_112719\\execution0.log"/>
         <property name="attachments" value="C:\\DA-UI-AUTOMATION\\Reports\\Estimate\\20180828_112719\\1535436100893.png"/>
         <property name="hostName" value="nipin - L38196WIN.rpega.com"/>
         <property name="os" value="Windows 10 64bit"/>
         <property name="katalonVersion" value="5.5.0.1"/>
         <property name="browser" value="Chrome 68.0.3440.106"/>
         <property name="hostAddress" value="10.150.107.46"/>
         <property name="sessionId" value="e14c4fd3b0835622865b80dde0404c60"/>
         <property name="seleniumVersion" value="3.7.1"/>
         <property name="proxyInformation" value="ProxyInformation{proxyOption=NO_PROXY, proxyServerType=HTTP, password=, proxyServerAddress=, proxyServerPort=0}"/>
         <property name="platform" value="Windows 10"/>
      </properties>
      <testcase name="Test Cases/BEP/TestCases/TC_CreateBEP_EmailOutput_SendEmail_CreateECR" classname="Test Cases/BEP/TestCases/TC_CreateBEP_EmailOutput_SendEmail_CreateECR" status="FAILED">
         <failure type="FAILED" message="Unable to click on object 'Object Repository/Generic/NEXT_BUTTON' (Root cause: org.openqa.selenium.WebDriverException: unknown error: Element &lt;button data-test-id=&quot;20150226064347057917526&quot; data-ctl=&quot;&quot; data-click=&quot;[[&amp;quot;setUserStart&amp;quot;,[&amp;quot;FINISHASSIGNMENT&amp;quot;]],[&amp;quot;doFormSubmit&amp;quot;,[&amp;quot;pyActivity=FinishAssignment&amp;quot;,&amp;quot;:this&amp;quot;,&amp;quot;&amp;quot;,&amp;quot;:event&amp;quot;]]]&quot; name=&quot;COECaseActionAreaButtons_pyWorkPage_25&quot; class=&quot;pzhc pzbutton&quot; type=&quot;button&quot; title=&quot;Move to the next screen&quot; alt=&quot;Move to the next screen&quot;>...&lt;/button> is not clickable at point (826, 817). Other element would receive the click: &lt;div id=&quot;pega_ui_mask&quot; class=&quot;pega_ui_masking&quot; style=&quot;position: fixed; display: block; height: 840px; left: 0px; width: 1640px;&quot;>...&lt;/div>
  (Session info: chrome=68.0.3440.106)
  (Driver info: chromedriver=2.35.528161 (5b82f2d2aae0ca24b877009200ced9065a772e73),platform=Windows NT 10.0.17134 x86_64) (WARNING: The server did not provide any stacktrace information)
Command duration or timeout: 0 milliseconds
Build info: version: '3.7.1', revision: '8a0099a', time: '2017-11-06T21:07:36.161Z'
System info: host: 'L38196WIN', ip: '10.150.107.46', os.name: 'Windows 10', os.arch: 'amd64', os.version: '10.0', java.version: '1.8.0_102'
Driver info: com.kms.katalon.selenium.driver.CChromeDriver
Capabilities {acceptInsecureCerts: false, acceptSslCerts: false, applicationCacheEnabled: false, browserConnectionEnabled: false, browserName: chrome, chrome: {chromedriverVersion: 2.35.528161 (5b82f2d2aae0ca..., userDataDir: C:\Users\nipin\AppData\Loca...}, cssSelectorsEnabled: true, databaseEnabled: false, handlesAlerts: true, hasTouchScreen: false, javascriptEnabled: true, locationContextEnabled: true, mobileEmulationEnabled: false, nativeEvents: true, networkConnectionEnabled: false, pageLoadStrategy: normal, platform: XP, platformName: XP, rotatable: false, setWindowRect: true, takesHeapSnapshot: true, takesScreenshot: true, unexpectedAlertBehaviour: , unhandledPromptBehavior: , version: 68.0.3440.106, webStorageEnabled: true}
Session ID: e14c4fd3b0835622865b80dde0404c60)"/>
         <system-out><![CDATA[2018-08-28 11:27:23 - [TEST_CASE][FAILED] - Test Cases/BEP/TestCases/TC_CreateBEP_EmailOutput_SendEmail_CreateECR: Test Cases/BEP/TestCases/TC_CreateBEP_EmailOutput_SendEmail_CreateECR FAILED because (of) Unable to click on object 'Object Repository/Generic/NEXT_BUTTON' (Root cause: org.openqa.selenium.WebDriverException: unknown error: Element <button data-test-id="20150226064347057917526" data-ctl="" data-click="[[&quot;setUserStart&quot;,[&quot;FINISHASSIGNMENT&quot;]],[&quot;doFormSubmit&quot;,[&quot;pyActivity=FinishAssignment&quot;,&quot;:this&quot;,&quot;&quot;,&quot;:event&quot;]]]" name="COECaseActionAreaButtons_pyWorkPage_25" class="pzhc pzbutton" type="button" title="Move to the next screen" alt="Move to the next screen">...</button> is not clickable at point (826, 817). Other element would receive the click: <div id="pega_ui_mask" class="pega_ui_masking" style="position: fixed; display: block; height: 840px; left: 0px; width: 1640px;">...</div>
  (Session info: chrome=68.0.3440.106)
  (Driver info: chromedriver=2.35.528161 (5b82f2d2aae0ca24b877009200ced9065a772e73),platform=Windows NT 10.0.17134 x86_64) (WARNING: The server did not provide any stacktrace information)
Command duration or timeout: 0 milliseconds
Build info: version: '3.7.1', revision: '8a0099a', time: '2017-11-06T21:07:36.161Z'
System info: host: 'L38196WIN', ip: '10.150.107.46', os.name: 'Windows 10', os.arch: 'amd64', os.version: '10.0', java.version: '1.8.0_102'
Driver info: com.kms.katalon.selenium.driver.CChromeDriver
Capabilities {acceptInsecureCerts: false, acceptSslCerts: false, applicationCacheEnabled: false, browserConnectionEnabled: false, browserName: chrome, chrome: {chromedriverVersion: 2.35.528161 (5b82f2d2aae0ca..., userDataDir: C:\Users\nipin\AppData\Loca...}, cssSelectorsEnabled: true, databaseEnabled: false, handlesAlerts: true, hasTouchScreen: false, javascriptEnabled: true, locationContextEnabled: true, mobileEmulationEnabled: false, nativeEvents: true, networkConnectionEnabled: false, pageLoadStrategy: normal, platform: XP, platformName: XP, rotatable: false, setWindowRect: true, takesHeapSnapshot: true, takesScreenshot: true, unexpectedAlertBehaviour: , unhandledPromptBehavior: , version: 68.0.3440.106, webStorageEnabled: true}
Session ID: e14c4fd3b0835622865b80dde0404c60)

2018-08-28 11:27:24 - [TEST_STEP][FAILED] - callTestCase: Unable to call Test Case with id 'Test Cases/BEP/Create_Approve_Reject/Create_BEP_EmailOutput' (Root cause: Call Test Case 'Test Cases/BEP/Create_Approve_Reject/Create_BEP_EmailOutput' failed)

2018-08-28 11:27:24 - [TEST_CASE][FAILED] - Test Cases/BEP/Create_Approve_Reject/Create_BEP_EmailOutput: Test Cases/BEP/Create_Approve_Reject/Create_BEP_EmailOutput FAILED because (of) Unable to click on object 'Object Repository/Generic/NEXT_BUTTON' (Root cause: org.openqa.selenium.WebDriverException: unknown error: Element <button data-test-id="20150226064347057917526" data-ctl="" data-click="[[&quot;setUserStart&quot;,[&quot;FINISHASSIGNMENT&quot;]],[&quot;doFormSubmit&quot;,[&quot;pyActivity=FinishAssignment&quot;,&quot;:this&quot;,&quot;&quot;,&quot;:event&quot;]]]" name="COECaseActionAreaButtons_pyWorkPage_25" class="pzhc pzbutton" type="button" title="Move to the next screen" alt="Move to the next screen">...</button> is not clickable at point (826, 817). Other element would receive the click: <div id="pega_ui_mask" class="pega_ui_masking" style="position: fixed; display: block; height: 840px; left: 0px; width: 1640px;">...</div>
  (Session info: chrome=68.0.3440.106)
  (Driver info: chromedriver=2.35.528161 (5b82f2d2aae0ca24b877009200ced9065a772e73),platform=Windows NT 10.0.17134 x86_64) (WARNING: The server did not provide any stacktrace information)
Command duration or timeout: 0 milliseconds
Build info: version: '3.7.1', revision: '8a0099a', time: '2017-11-06T21:07:36.161Z'
System info: host: 'L38196WIN', ip: '10.150.107.46', os.name: 'Windows 10', os.arch: 'amd64', os.version: '10.0', java.version: '1.8.0_102'
Driver info: com.kms.katalon.selenium.driver.CChromeDriver
Capabilities {acceptInsecureCerts: false, acceptSslCerts: false, applicationCacheEnabled: false, browserConnectionEnabled: false, browserName: chrome, chrome: {chromedriverVersion: 2.35.528161 (5b82f2d2aae0ca..., userDataDir: C:\Users\nipin\AppData\Loca...}, cssSelectorsEnabled: true, databaseEnabled: false, handlesAlerts: true, hasTouchScreen: false, javascriptEnabled: true, locationContextEnabled: true, mobileEmulationEnabled: false, nativeEvents: true, networkConnectionEnabled: false, pageLoadStrategy: normal, platform: XP, platformName: XP, rotatable: false, setWindowRect: true, takesHeapSnapshot: true, takesScreenshot: true, unexpectedAlertBehaviour: , unhandledPromptBehavior: , version: 68.0.3440.106, webStorageEnabled: true}
Session ID: e14c4fd3b0835622865b80dde0404c60)

2018-08-28 11:27:24 - [TEST_STEP][PASSED] - com.da.commonutilities.login: com.da.commonutilities.login is PASSED

2018-08-28 11:27:35 - [MESSAGE][PASSED] - Browser is opened with url: ''

2018-08-28 11:27:42 - [MESSAGE][PASSED] - Navigate to 'https://vdaqa.rpega.com:9030/daqa/PRServlet' successfully

2018-08-28 11:27:54 - [MESSAGE][PASSED] - Text 'hendj@pegasystems.com' is set on object 'Object Repository/Generic/input_UserIdentifier'

2018-08-28 11:28:06 - [MESSAGE][PASSED] - Text 'install' is set on object 'Object Repository/Generic/input_Password'

2018-08-28 11:28:17 - [MESSAGE][PASSED] - Keys 'ENTER + ' sent to object: 'Object Repository/Generic/input_Password'

2018-08-28 11:28:17 - [MESSAGE][PASSED] - com.da.commonutilities.login is PASSED

2018-08-28 11:28:17 - [TEST_STEP][FAILED] - com.da.BEP.Estimate: Unable to click on object 'Object Repository/Generic/NEXT_BUTTON' (Root cause: org.openqa.selenium.WebDriverException: unknown error: Element <button data-test-id="20150226064347057917526" data-ctl="" data-click="[[&quot;setUserStart&quot;,[&quot;FINISHASSIGNMENT&quot;]],[&quot;doFormSubmit&quot;,[&quot;pyActivity=FinishAssignment&quot;,&quot;:this&quot;,&quot;&quot;,&quot;:event&quot;]]]" name="COECaseActionAreaButtons_pyWorkPage_25" class="pzhc pzbutton" type="button" title="Move to the next screen" alt="Move to the next screen">...</button> is not clickable at point (826, 817). Other element would receive the click: <div id="pega_ui_mask" class="pega_ui_masking" style="position: fixed; display: block; height: 840px; left: 0px; width: 1640px;">...</div>
  (Session info: chrome=68.0.3440.106)
  (Driver info: chromedriver=2.35.528161 (5b82f2d2aae0ca24b877009200ced9065a772e73),platform=Windows NT 10.0.17134 x86_64) (WARNING: The server did not provide any stacktrace information)
Command duration or timeout: 0 milliseconds
Build info: version: '3.7.1', revision: '8a0099a', time: '2017-11-06T21:07:36.161Z'
System info: host: 'L38196WIN', ip: '10.150.107.46', os.name: 'Windows 10', os.arch: 'amd64', os.version: '10.0', java.version: '1.8.0_102'
Driver info: com.kms.katalon.selenium.driver.CChromeDriver
Capabilities {acceptInsecureCerts: false, acceptSslCerts: false, applicationCacheEnabled: false, browserConnectionEnabled: false, browserName: chrome, chrome: {chromedriverVersion: 2.35.528161 (5b82f2d2aae0ca..., userDataDir: C:\Users\nipin\AppData\Loca...}, cssSelectorsEnabled: true, databaseEnabled: false, handlesAlerts: true, hasTouchScreen: false, javascriptEnabled: true, locationContextEnabled: true, mobileEmulationEnabled: false, nativeEvents: true, networkConnectionEnabled: false, pageLoadStrategy: normal, platform: XP, platformName: XP, rotatable: false, setWindowRect: true, takesHeapSnapshot: true, takesScreenshot: true, unexpectedAlertBehaviour: , unhandledPromptBehavior: , version: 68.0.3440.106, webStorageEnabled: true}
Session ID: e14c4fd3b0835622865b80dde0404c60)

2018-08-28 11:28:21 - [MESSAGE][PASSED] - Current window maximized

2018-08-28 11:28:23 - [MESSAGE][PASSED] - Delayed 2 second(s)

2018-08-28 11:28:29 - [MESSAGE][PASSED] - Object: 'Object Repository/Generic/New' is clicked on

2018-08-28 11:28:33 - [MESSAGE][PASSED] - Delayed 4 second(s)

2018-08-28 11:28:40 - [MESSAGE][PASSED] - Object: 'Object Repository/BEP/Generic/EstimateLink' is clicked on

2018-08-28 11:28:44 - [MESSAGE][PASSED] - Delayed 4 second(s)

2018-08-28 11:28:50 - [MESSAGE][PASSED] - Object: 'Object Repository/ECR/Generic/WOTAB' is clicked on

2018-08-28 11:28:53 - [MESSAGE][PASSED] - Wait for page load successfully

2018-08-28 11:29:04 - [MESSAGE][PASSED] - Delayed 5 second(s)

2018-08-28 11:29:38 - [MESSAGE][WARNING] - Object 'Object Repository/BEP/Generic/import' is not visible after 30 second(s)

2018-08-28 11:29:50 - [MESSAGE][PASSED] - Delayed 5 second(s)

2018-08-28 11:29:56 - [MESSAGE][PASSED] - File 'C:\DA-UI-AUTOMATION\Data Files\BEP\Estimate.xlsm' sent to object: 'Object Repository/Generic/FilePath'

2018-08-28 11:30:01 - [MESSAGE][PASSED] - Delayed 5 second(s)

2018-08-28 11:30:07 - [MESSAGE][PASSED] - Object: 'Object Repository/Generic/button_Submit' is clicked on

2018-08-28 11:30:17 - [MESSAGE][PASSED] - Delayed 10 second(s)

2018-08-28 11:30:30 - [MESSAGE][PASSED] - Text 'BOFA' is set on object 'Object Repository/Generic/ORG'

2018-08-28 11:30:37 - [MESSAGE][PASSED] - Delayed 7 second(s)

2018-08-28 11:30:43 - [MESSAGE][PASSED] - Keys 'TAB + ' sent to object: 'Object Repository/Generic/ORG'

2018-08-28 11:30:50 - [MESSAGE][PASSED] - Delayed 7 second(s)

2018-08-28 11:31:03 - [MESSAGE][PASSED] - Text 'BOFA' is set on object 'Object Repository/Generic/ACC'

2018-08-28 11:31:10 - [MESSAGE][PASSED] - Delayed 7 second(s)

2018-08-28 11:31:16 - [MESSAGE][PASSED] - Keys 'TAB + ' sent to object: 'Object Repository/Generic/ACC'

2018-08-28 11:31:21 - [MESSAGE][PASSED] - Delayed 5 second(s)

2018-08-28 11:31:28 - [MESSAGE][WARNING] - Text 'The engagement you entered doesn't match' is not present on page 

2018-08-28 11:31:34 - [MESSAGE][PASSED] - Scroll to object 'Object Repository/Generic/NEXT_BUTTON' successfully

2018-08-28 11:31:44 - [MESSAGE][FAILED] - Unable to click on object 'Object Repository/Generic/NEXT_BUTTON' (Root cause: org.openqa.selenium.WebDriverException: unknown error: Element <button data-test-id="20150226064347057917526" data-ctl="" data-click="[[&quot;setUserStart&quot;,[&quot;FINISHASSIGNMENT&quot;]],[&quot;doFormSubmit&quot;,[&quot;pyActivity=FinishAssignment&quot;,&quot;:this&quot;,&quot;&quot;,&quot;:event&quot;]]]" name="COECaseActionAreaButtons_pyWorkPage_25" class="pzhc pzbutton" type="button" title="Move to the next screen" alt="Move to the next screen">...</button> is not clickable at point (826, 817). Other element would receive the click: <div id="pega_ui_mask" class="pega_ui_masking" style="position: fixed; display: block; height: 840px; left: 0px; width: 1640px;">...</div>
  (Session info: chrome=68.0.3440.106)
  (Driver info: chromedriver=2.35.528161 (5b82f2d2aae0ca24b877009200ced9065a772e73),platform=Windows NT 10.0.17134 x86_64) (WARNING: The server did not provide any stacktrace information)
Command duration or timeout: 0 milliseconds
Build info: version: '3.7.1', revision: '8a0099a', time: '2017-11-06T21:07:36.161Z'
System info: host: 'L38196WIN', ip: '10.150.107.46', os.name: 'Windows 10', os.arch: 'amd64', os.version: '10.0', java.version: '1.8.0_102'
Driver info: com.kms.katalon.selenium.driver.CChromeDriver
Capabilities {acceptInsecureCerts: false, acceptSslCerts: false, applicationCacheEnabled: false, browserConnectionEnabled: false, browserName: chrome, chrome: {chromedriverVersion: 2.35.528161 (5b82f2d2aae0ca..., userDataDir: C:\Users\nipin\AppData\Loca...}, cssSelectorsEnabled: true, databaseEnabled: false, handlesAlerts: true, hasTouchScreen: false, javascriptEnabled: true, locationContextEnabled: true, mobileEmulationEnabled: false, nativeEvents: true, networkConnectionEnabled: false, pageLoadStrategy: normal, platform: XP, platformName: XP, rotatable: false, setWindowRect: true, takesHeapSnapshot: true, takesScreenshot: true, unexpectedAlertBehaviour: , unhandledPromptBehavior: , version: 68.0.3440.106, webStorageEnabled: true}
Session ID: e14c4fd3b0835622865b80dde0404c60)
[[ATTACHMENT|C:\\DA-UI-AUTOMATION\\Reports\\Estimate\\20180828_112719\\1535436100893.png]]

2018-08-28 11:31:44 - [MESSAGE][FAILED] - Unable to click on object 'Object Repository/Generic/NEXT_BUTTON' (Root cause: org.openqa.selenium.WebDriverException: unknown error: Element <button data-test-id="20150226064347057917526" data-ctl="" data-click="[[&quot;setUserStart&quot;,[&quot;FINISHASSIGNMENT&quot;]],[&quot;doFormSubmit&quot;,[&quot;pyActivity=FinishAssignment&quot;,&quot;:this&quot;,&quot;&quot;,&quot;:event&quot;]]]" name="COECaseActionAreaButtons_pyWorkPage_25" class="pzhc pzbutton" type="button" title="Move to the next screen" alt="Move to the next screen">...</button> is not clickable at point (826, 817). Other element would receive the click: <div id="pega_ui_mask" class="pega_ui_masking" style="position: fixed; display: block; height: 840px; left: 0px; width: 1640px;">...</div>
  (Session info: chrome=68.0.3440.106)
  (Driver info: chromedriver=2.35.528161 (5b82f2d2aae0ca24b877009200ced9065a772e73),platform=Windows NT 10.0.17134 x86_64) (WARNING: The server did not provide any stacktrace information)
Command duration or timeout: 0 milliseconds
Build info: version: '3.7.1', revision: '8a0099a', time: '2017-11-06T21:07:36.161Z'
System info: host: 'L38196WIN', ip: '10.150.107.46', os.name: 'Windows 10', os.arch: 'amd64', os.version: '10.0', java.version: '1.8.0_102'
Driver info: com.kms.katalon.selenium.driver.CChromeDriver
Capabilities {acceptInsecureCerts: false, acceptSslCerts: false, applicationCacheEnabled: false, browserConnectionEnabled: false, browserName: chrome, chrome: {chromedriverVersion: 2.35.528161 (5b82f2d2aae0ca..., userDataDir: C:\Users\nipin\AppData\Loca...}, cssSelectorsEnabled: true, databaseEnabled: false, handlesAlerts: true, hasTouchScreen: false, javascriptEnabled: true, locationContextEnabled: true, mobileEmulationEnabled: false, nativeEvents: true, networkConnectionEnabled: false, pageLoadStrategy: normal, platform: XP, platformName: XP, rotatable: false, setWindowRect: true, takesHeapSnapshot: true, takesScreenshot: true, unexpectedAlertBehaviour: , unhandledPromptBehavior: , version: 68.0.3440.106, webStorageEnabled: true}
Session ID: e14c4fd3b0835622865b80dde0404c60)

2018-08-28 11:31:44 - [MESSAGE][FAILED] - Unable to call Test Case with id 'Test Cases/BEP/Create_Approve_Reject/Create_BEP_EmailOutput' (Root cause: Call Test Case 'Test Cases/BEP/Create_Approve_Reject/Create_BEP_EmailOutput' failed)]]></system-out>
         <system-err><![CDATA[2018-08-28 11:27:23 - [TEST_CASE][FAILED] - Test Cases/BEP/TestCases/TC_CreateBEP_EmailOutput_SendEmail_CreateECR: Test Cases/BEP/TestCases/TC_CreateBEP_EmailOutput_SendEmail_CreateECR FAILED because (of) Unable to click on object 'Object Repository/Generic/NEXT_BUTTON' (Root cause: org.openqa.selenium.WebDriverException: unknown error: Element <button data-test-id="20150226064347057917526" data-ctl="" data-click="[[&quot;setUserStart&quot;,[&quot;FINISHASSIGNMENT&quot;]],[&quot;doFormSubmit&quot;,[&quot;pyActivity=FinishAssignment&quot;,&quot;:this&quot;,&quot;&quot;,&quot;:event&quot;]]]" name="COECaseActionAreaButtons_pyWorkPage_25" class="pzhc pzbutton" type="button" title="Move to the next screen" alt="Move to the next screen">...</button> is not clickable at point (826, 817). Other element would receive the click: <div id="pega_ui_mask" class="pega_ui_masking" style="position: fixed; display: block; height: 840px; left: 0px; width: 1640px;">...</div>
  (Session info: chrome=68.0.3440.106)
  (Driver info: chromedriver=2.35.528161 (5b82f2d2aae0ca24b877009200ced9065a772e73),platform=Windows NT 10.0.17134 x86_64) (WARNING: The server did not provide any stacktrace information)
Command duration or timeout: 0 milliseconds
Build info: version: '3.7.1', revision: '8a0099a', time: '2017-11-06T21:07:36.161Z'
System info: host: 'L38196WIN', ip: '10.150.107.46', os.name: 'Windows 10', os.arch: 'amd64', os.version: '10.0', java.version: '1.8.0_102'
Driver info: com.kms.katalon.selenium.driver.CChromeDriver
Capabilities {acceptInsecureCerts: false, acceptSslCerts: false, applicationCacheEnabled: false, browserConnectionEnabled: false, browserName: chrome, chrome: {chromedriverVersion: 2.35.528161 (5b82f2d2aae0ca..., userDataDir: C:\Users\nipin\AppData\Loca...}, cssSelectorsEnabled: true, databaseEnabled: false, handlesAlerts: true, hasTouchScreen: false, javascriptEnabled: true, locationContextEnabled: true, mobileEmulationEnabled: false, nativeEvents: true, networkConnectionEnabled: false, pageLoadStrategy: normal, platform: XP, platformName: XP, rotatable: false, setWindowRect: true, takesHeapSnapshot: true, takesScreenshot: true, unexpectedAlertBehaviour: , unhandledPromptBehavior: , version: 68.0.3440.106, webStorageEnabled: true}
Session ID: e14c4fd3b0835622865b80dde0404c60)]]></system-err>
      </testcase>
      <system-out><![CDATA[2018-08-28 11:27:23 - [TEST_SUITE][FAILED] - Estimate: Test Cases/BEP/TestCases/TC_CreateBEP_EmailOutput_SendEmail_CreateECR FAILED because (of) Unable to click on object 'Object Repository/Generic/NEXT_BUTTON' (Root cause: org.openqa.selenium.WebDriverException: unknown error: Element <button data-test-id="20150226064347057917526" data-ctl="" data-click="[[&quot;setUserStart&quot;,[&quot;FINISHASSIGNMENT&quot;]],[&quot;doFormSubmit&quot;,[&quot;pyActivity=FinishAssignment&quot;,&quot;:this&quot;,&quot;&quot;,&quot;:event&quot;]]]" name="COECaseActionAreaButtons_pyWorkPage_25" class="pzhc pzbutton" type="button" title="Move to the next screen" alt="Move to the next screen">...</button> is not clickable at point (826, 817). Other element would receive the click: <div id="pega_ui_mask" class="pega_ui_masking" style="position: fixed; display: block; height: 840px; left: 0px; width: 1640px;">...</div>
  (Session info: chrome=68.0.3440.106)
  (Driver info: chromedriver=2.35.528161 (5b82f2d2aae0ca24b877009200ced9065a772e73),platform=Windows NT 10.0.17134 x86_64) (WARNING: The server did not provide any stacktrace information)
Command duration or timeout: 0 milliseconds
Build info: version: '3.7.1', revision: '8a0099a', time: '2017-11-06T21:07:36.161Z'
System info: host: 'L38196WIN', ip: '10.150.107.46', os.name: 'Windows 10', os.arch: 'amd64', os.version: '10.0', java.version: '1.8.0_102'
Driver info: com.kms.katalon.selenium.driver.CChromeDriver
Capabilities {acceptInsecureCerts: false, acceptSslCerts: false, applicationCacheEnabled: false, browserConnectionEnabled: false, browserName: chrome, chrome: {chromedriverVersion: 2.35.528161 (5b82f2d2aae0ca..., userDataDir: C:\Users\nipin\AppData\Loca...}, cssSelectorsEnabled: true, databaseEnabled: false, handlesAlerts: true, hasTouchScreen: false, javascriptEnabled: true, locationContextEnabled: true, mobileEmulationEnabled: false, nativeEvents: true, networkConnectionEnabled: false, pageLoadStrategy: normal, platform: XP, platformName: XP, rotatable: false, setWindowRect: true, takesHeapSnapshot: true, takesScreenshot: true, unexpectedAlertBehaviour: , unhandledPromptBehavior: , version: 68.0.3440.106, webStorageEnabled: true}
Session ID: e14c4fd3b0835622865b80dde0404c60)]]></system-out>
      <system-err><![CDATA[2018-08-28 11:27:23 - [TEST_SUITE][FAILED] - Estimate: Test Cases/BEP/TestCases/TC_CreateBEP_EmailOutput_SendEmail_CreateECR FAILED because (of) Unable to click on object 'Object Repository/Generic/NEXT_BUTTON' (Root cause: org.openqa.selenium.WebDriverException: unknown error: Element <button data-test-id="20150226064347057917526" data-ctl="" data-click="[[&quot;setUserStart&quot;,[&quot;FINISHASSIGNMENT&quot;]],[&quot;doFormSubmit&quot;,[&quot;pyActivity=FinishAssignment&quot;,&quot;:this&quot;,&quot;&quot;,&quot;:event&quot;]]]" name="COECaseActionAreaButtons_pyWorkPage_25" class="pzhc pzbutton" type="button" title="Move to the next screen" alt="Move to the next screen">...</button> is not clickable at point (826, 817). Other element would receive the click: <div id="pega_ui_mask" class="pega_ui_masking" style="position: fixed; display: block; height: 840px; left: 0px; width: 1640px;">...</div>
  (Session info: chrome=68.0.3440.106)
  (Driver info: chromedriver=2.35.528161 (5b82f2d2aae0ca24b877009200ced9065a772e73),platform=Windows NT 10.0.17134 x86_64) (WARNING: The server did not provide any stacktrace information)
Command duration or timeout: 0 milliseconds
Build info: version: '3.7.1', revision: '8a0099a', time: '2017-11-06T21:07:36.161Z'
System info: host: 'L38196WIN', ip: '10.150.107.46', os.name: 'Windows 10', os.arch: 'amd64', os.version: '10.0', java.version: '1.8.0_102'
Driver info: com.kms.katalon.selenium.driver.CChromeDriver
Capabilities {acceptInsecureCerts: false, acceptSslCerts: false, applicationCacheEnabled: false, browserConnectionEnabled: false, browserName: chrome, chrome: {chromedriverVersion: 2.35.528161 (5b82f2d2aae0ca..., userDataDir: C:\Users\nipin\AppData\Loca...}, cssSelectorsEnabled: true, databaseEnabled: false, handlesAlerts: true, hasTouchScreen: false, javascriptEnabled: true, locationContextEnabled: true, mobileEmulationEnabled: false, nativeEvents: true, networkConnectionEnabled: false, pageLoadStrategy: normal, platform: XP, platformName: XP, rotatable: false, setWindowRect: true, takesHeapSnapshot: true, takesScreenshot: true, unexpectedAlertBehaviour: , unhandledPromptBehavior: , version: 68.0.3440.106, webStorageEnabled: true}
Session ID: e14c4fd3b0835622865b80dde0404c60)]]></system-err>
   </testsuite>
</testsuites>
